<?xml version="1.0" encoding="UTF-8"?>
<!-- Generated by org.testng.reporters.JUnitReportReporter -->
<testsuite hostname="DESKTOP-THE430B" failures="0" tests="17" name="StepDefinitions.TestRunner" time="1738.057" errors="0" timestamp="2022-07-20T16:24:58 IST" skipped="0">
  <testcase classname="StepDefinitions.TestRunner" name="runScenario" time="101.437"/>
  <system-out/>
  <testcase classname="StepDefinitions.TestRunner" name="runScenario" time="87.723"/>
  <system-out/>
  <testcase classname="StepDefinitions.TestRunner" name="runScenario" time="115.150"/>
  <system-out/>
  <testcase classname="StepDefinitions.TestRunner" name="runScenario" time="91.987"/>
  <system-out/>
  <testcase classname="StepDefinitions.TestRunner" name="runScenario" time="102.981"/>
  <system-out/>
  <testcase classname="StepDefinitions.TestRunner" name="runScenario" time="108.414"/>
  <system-out/>
  <testcase classname="StepDefinitions.TestRunner" name="runScenario" time="117.015"/>
  <system-out/>
  <testcase classname="StepDefinitions.TestRunner" name="runScenario" time="101.189"/>
  <system-out/>
  <testcase classname="StepDefinitions.TestRunner" name="runScenario" time="96.689"/>
  <system-out/>
  <testcase classname="StepDefinitions.TestRunner" name="runScenario" time="99.080"/>
  <system-out/>
  <testcase classname="StepDefinitions.TestRunner" name="runScenario" time="115.281"/>
  <system-out/>
  <testcase classname="StepDefinitions.TestRunner" name="runScenario" time="74.642"/>
  <system-out/>
  <testcase classname="StepDefinitions.TestRunner" name="runScenario" time="106.458"/>
  <system-out/>
  <testcase classname="StepDefinitions.TestRunner" name="runScenario" time="100.337"/>
  <system-out/>
  <testcase classname="StepDefinitions.TestRunner" name="runScenario" time="98.502"/>
  <system-out/>
  <testcase classname="StepDefinitions.TestRunner" name="runScenario" time="118.935"/>
  <system-out/>
  <testcase classname="StepDefinitions.TestRunner" name="runScenario" time="102.237"/>
  <system-out/>
</testsuite> <!-- StepDefinitions.TestRunner -->
