<?xml version="1.0" encoding="UTF-8"?>
<!-- Generated by org.testng.reporters.JUnitReportReporter -->
<testsuite hostname="DESKTOP-THE430B" failures="0" tests="1" name="StepDefinitions.TestRunner2" time="114.456" errors="0" timestamp="2022-07-20T18:16:54 IST" skipped="0">
  <testcase classname="StepDefinitions.TestRunner2" name="runScenario" time="114.456"/>
  <system-out/>
</testsuite> <!-- StepDefinitions.TestRunner2 -->
