<?xml version="1.0" encoding="UTF-8"?>
<!-- Generated by org.testng.reporters.JUnitReportReporter -->
<testsuite hostname="DESKTOP-THE430B" failures="0" tests="16" name="StepDefinitions.TestRunner" time="2432.984" errors="0" timestamp="2022-07-20T18:16:54 IST" skipped="0">
  <testcase classname="StepDefinitions.TestRunner" name="runScenario" time="174.071"/>
  <system-out/>
  <testcase classname="StepDefinitions.TestRunner" name="runScenario" time="153.027"/>
  <system-out/>
  <testcase classname="StepDefinitions.TestRunner" name="runScenario" time="185.537"/>
  <system-out/>
  <testcase classname="StepDefinitions.TestRunner" name="runScenario" time="185.521"/>
  <system-out/>
  <testcase classname="StepDefinitions.TestRunner" name="runScenario" time="163.543"/>
  <system-out/>
  <testcase classname="StepDefinitions.TestRunner" name="runScenario" time="123.662"/>
  <system-out/>
  <testcase classname="StepDefinitions.TestRunner" name="runScenario" time="109.507"/>
  <system-out/>
  <testcase classname="StepDefinitions.TestRunner" name="runScenario" time="124.137"/>
  <system-out/>
  <testcase classname="StepDefinitions.TestRunner" name="runScenario" time="118.862"/>
  <system-out/>
  <testcase classname="StepDefinitions.TestRunner" name="runScenario" time="184.640"/>
  <system-out/>
  <testcase classname="StepDefinitions.TestRunner" name="runScenario" time="122.826"/>
  <system-out/>
  <testcase classname="StepDefinitions.TestRunner" name="runScenario" time="157.272"/>
  <system-out/>
  <testcase classname="StepDefinitions.TestRunner" name="runScenario" time="123.214"/>
  <system-out/>
  <testcase classname="StepDefinitions.TestRunner" name="runScenario" time="164.274"/>
  <system-out/>
  <testcase classname="StepDefinitions.TestRunner" name="runScenario" time="163.793"/>
  <system-out/>
  <testcase classname="StepDefinitions.TestRunner" name="runScenario" time="179.098"/>
  <system-out/>
</testsuite> <!-- StepDefinitions.TestRunner -->
